<?xml version="1.0" encoding="UTF-8"?>
<testsuite xmlns:xsi="http://www.w3.org/2001/XMLSchema-instance"
           xsi:noNamespaceSchemaLocation="https://maven.apache.org/surefire/maven-surefire-plugin/xsd/surefire-test-report-3.0.xsd"
           version="3.0" name="runners.TestRunner" time="8.957" tests="1" errors="0" skipped="0" failures="0">
    <properties>
[...]
</properties>
    <testcase name="Verify login API returns 200 and token" classname="Room API Testing" time="8.036">
        <system-out><![CDATA[
@HappyFlow @regressionTesting
Scenario: Verify login API returns 200 and token                             &amp#27;[90m# src/test/resources/features/room.feature:5&amp#27;[0m
Status: 200
Token: 3SmfwrNzRfAG9ItN
Token: 3SmfwrNzRfAG9ItN
  &amp#27;[32mGiven &amp#27;[0m&amp#27;[32mI send a login request with username &amp#27;[0m&amp#27;[32m&amp#27;[1m"admin"&amp#27;[0m&amp#27;[32m and password &amp#27;[0m&amp#27;[32m&amp#27;[1m"password"&amp#27;[0m &amp#27;[90m# stepDefinitions.LoginSteps.i_send_login_request(java.lang.String,java.lang.String)&amp#27;[0m
✅ Verified login response: 200
  &amp#27;[32mThen &amp#27;[0m&amp#27;[32mI am checking login response should be &amp#27;[0m&amp#27;[32m&amp#27;[1m200&amp#27;[0m                            &amp#27;[90m# stepDefinitions.LoginSteps.i_am_checking_login_response_should_be(java.lang.Integer)&amp#27;[0m
✅ Token : 3SmfwrNzRfAG9ItN
  &amp#27;[32mThen &amp#27;[0m&amp#27;[32mI should receive a valid token&amp#27;[0m                                        &amp#27;[90m# stepDefinitions.LoginSteps.i_should_receive_a_valid_token()&amp#27;[0m
Token expired, generating a new one...
✅ Generated Token: PHeAA8lyW2vMGPp4
  &amp#27;[32mGiven &amp#27;[0m&amp#27;[32mI have a valid login token&amp#27;[0m                                           &amp#27;[90m# stepDefinitions.BookingSteps.i_have_a_valid_login_token()&amp#27;[0m
Token in RoomSteps: PHeAA8lyW2vMGPp4
Room creation status: 200
Room creation body: {"success":true}
  &amp#27;[32mWhen &amp#27;[0m&amp#27;[32mI send a request to create a room&amp#27;[0m                                     &amp#27;[90m# stepDefinitions.BookingSteps.i_send_a_request_to_create_a_room()&amp#27;[0m
]]></system-out>
    </testcase>
</testsuite>