<?xml version="1.0" encoding="UTF-8"?>
<testsuite xmlns:xsi="http://www.w3.org/2001/XMLSchema-instance" xsi:noNamespaceSchemaLocation="https://maven.apache.org/surefire/maven-surefire-plugin/xsd/surefire-test-report-3.0.xsd" version="3.0" name="runners.TestRunner" time="40.701" tests="7" errors="0" skipped="0" failures="0">
  <properties>
[...]
</properties>
  <testcase name="Create a room booking #1" classname="Test create a room booking" time="21.246">
    <system-out><![CDATA[
@CreateBooking @hotelbookingregressiontests @HappyFlow
Scenario Outline: Create a room booking           &amp#27;[90m# src/test/resources/features/CreateBooking.feature:14&amp#27;[0m
➡️ Booking API endpoint: api/booking
  &amp#27;[32mGiven &amp#27;[0m&amp#27;[32muser hits endpoint &amp#27;[0m&amp#27;[32m&amp#27;[1m"api/booking"&amp#27;[0m          &amp#27;[90m# stepDefinitions.BookingSteps.user_hits_endpoint(java.lang.String)&amp#27;[0m
➡️ Booking Response Status: 200
[
    
]
  &amp#27;[32mWhen &amp#27;[0m&amp#27;[32muser books the room with the given details&amp#27;[0m &amp#27;[90m# stepDefinitions.BookingSteps.user_books_the_room_with_the_given_details(io.cucumber.datatable.DataTable)&amp#27;[0m
    | firstname | lastname | email               | phone       | checkin    | checkout   |
    | User      | five     | user.five@gmail.com | 46645895464 | 2025-09-16 | 2025-09-19 |
  &amp#27;[32mThen &amp#27;[0m&amp#27;[32mthe response status code should be &amp#27;[0m&amp#27;[32m&amp#27;[1m200&amp#27;[0m     &amp#27;[90m# stepDefinitions.BookingSteps.the_response_status_code_should_be(java.lang.Integer)&amp#27;[0m
]]></system-out>
  </testcase>
  <testcase name="Create a room booking #2" classname="Test create a room booking" time="1.195">
    <system-out><![CDATA[
@CreateBooking @hotelbookingregressiontests @HappyFlow
Scenario Outline: Create a room booking           &amp#27;[90m# src/test/resources/features/CreateBooking.feature:15&amp#27;[0m
➡️ Booking API endpoint: api/booking
  &amp#27;[32mGiven &amp#27;[0m&amp#27;[32muser hits endpoint &amp#27;[0m&amp#27;[32m&amp#27;[1m"api/booking"&amp#27;[0m          &amp#27;[90m# stepDefinitions.BookingSteps.user_hits_endpoint(java.lang.String)&amp#27;[0m
➡️ Booking Response Status: 200
[
    
]
  &amp#27;[32mWhen &amp#27;[0m&amp#27;[32muser books the room with the given details&amp#27;[0m &amp#27;[90m# stepDefinitions.BookingSteps.user_books_the_room_with_the_given_details(io.cucumber.datatable.DataTable)&amp#27;[0m
    | firstname | lastname | email              | phone       | checkin    | checkout   |
    | User      | two      | user.two@gmail.com | 77775895464 | 2025-10-16 | 2025-10-18 |
  &amp#27;[32mThen &amp#27;[0m&amp#27;[32mthe response status code should be &amp#27;[0m&amp#27;[32m&amp#27;[1m200&amp#27;[0m     &amp#27;[90m# stepDefinitions.BookingSteps.the_response_status_code_should_be(java.lang.Integer)&amp#27;[0m
]]></system-out>
  </testcase>
  <testcase name="Create a room booking #3" classname="Test create a room booking" time="1.118">
    <system-out><![CDATA[
@CreateBooking @hotelbookingregressiontests @HappyFlow
Scenario Outline: Create a room booking           &amp#27;[90m# src/test/resources/features/CreateBooking.feature:16&amp#27;[0m
➡️ Booking API endpoint: api/booking
  &amp#27;[32mGiven &amp#27;[0m&amp#27;[32muser hits endpoint &amp#27;[0m&amp#27;[32m&amp#27;[1m"api/booking"&amp#27;[0m          &amp#27;[90m# stepDefinitions.BookingSteps.user_hits_endpoint(java.lang.String)&amp#27;[0m
➡️ Booking Response Status: 200
[
    
]
  &amp#27;[32mWhen &amp#27;[0m&amp#27;[32muser books the room with the given details&amp#27;[0m &amp#27;[90m# stepDefinitions.BookingSteps.user_books_the_room_with_the_given_details(io.cucumber.datatable.DataTable)&amp#27;[0m
    | firstname | lastname | email              | phone       | checkin    | checkout   |
    | User      | one      | user.one@gmail.com | 46666895464 | 2025-11-16 | 2025-11-19 |
  &amp#27;[32mThen &amp#27;[0m&amp#27;[32mthe response status code should be &amp#27;[0m&amp#27;[32m&amp#27;[1m200&amp#27;[0m     &amp#27;[90m# stepDefinitions.BookingSteps.the_response_status_code_should_be(java.lang.Integer)&amp#27;[0m
]]></system-out>
  </testcase>
  <testcase name="Verify login API returns 200 and token" classname="Admin Login API Testing" time="10.845">
    <system-out><![CDATA[
@HappyFlow
Scenario: Verify login API returns 200 and token                             &amp#27;[90m# src/test/resources/features/login.feature:4&amp#27;[0m
Status: 200
Token: 3UpFVM05VcFphMQQ
Token: 3UpFVM05VcFphMQQ
  &amp#27;[32mGiven &amp#27;[0m&amp#27;[32mI send a login request with username &amp#27;[0m&amp#27;[32m&amp#27;[1m"admin"&amp#27;[0m&amp#27;[32m and password &amp#27;[0m&amp#27;[32m&amp#27;[1m"password"&amp#27;[0m &amp#27;[90m# stepDefinitions.LoginSteps.i_send_login_request(java.lang.String,java.lang.String)&amp#27;[0m
✅ Verified login response: 200
  &amp#27;[32mThen &amp#27;[0m&amp#27;[32mI am checking login response should be &amp#27;[0m&amp#27;[32m&amp#27;[1m200&amp#27;[0m                            &amp#27;[90m# stepDefinitions.LoginSteps.i_am_checking_login_response_should_be(java.lang.Integer)&amp#27;[0m
✅ Token : 3UpFVM05VcFphMQQ
  &amp#27;[32mThen &amp#27;[0m&amp#27;[32mI should receive a valid token&amp#27;[0m                                        &amp#27;[90m# stepDefinitions.LoginSteps.i_should_receive_a_valid_token()&amp#27;[0m
]]></system-out>
  </testcase>
  <testcase name="Verify login with invalid credentials" classname="Admin Login API Testing" time="1.101">
    <system-out><![CDATA[
@InvalidParams
Scenario: Verify login with invalid credentials                               &amp#27;[90m# src/test/resources/features/login.feature:10&amp#27;[0m
Status: 401
Token: null
Token: null
  &amp#27;[32mGiven &amp#27;[0m&amp#27;[32mI send a login request with username &amp#27;[0m&amp#27;[32m&amp#27;[1m"admin1"&amp#27;[0m&amp#27;[32m and password &amp#27;[0m&amp#27;[32m&amp#27;[1m"password"&amp#27;[0m &amp#27;[90m# stepDefinitions.LoginSteps.i_send_login_request(java.lang.String,java.lang.String)&amp#27;[0m
✅ Verified login response: 401
  &amp#27;[32mThen &amp#27;[0m&amp#27;[32mI am checking login response should be &amp#27;[0m&amp#27;[32m&amp#27;[1m401&amp#27;[0m                             &amp#27;[90m# stepDefinitions.LoginSteps.i_am_checking_login_response_should_be(java.lang.Integer)&amp#27;[0m
✅ Token : null
  &amp#27;[32mThen &amp#27;[0m&amp#27;[32mI should receive a invalid token&amp#27;[0m                                       &amp#27;[90m# stepDefinitions.LoginSteps.i_should_receive_a_invalid_token()&amp#27;[0m
]]></system-out>
  </testcase>
  <testcase name="Verify login with valid User credentials" classname="Admin Login API Testing" time="0.91">
    <system-out><![CDATA[
@MissingMandatoryParams
Scenario: Verify login with valid User credentials                   &amp#27;[90m# src/test/resources/features/login.feature:16&amp#27;[0m
Status: 401
Token: null
Token: null
  &amp#27;[32mGiven &amp#27;[0m&amp#27;[32mI send a login request with username &amp#27;[0m&amp#27;[32m&amp#27;[1m"admin"&amp#27;[0m&amp#27;[32m and password &amp#27;[0m&amp#27;[32m&amp#27;[1m""&amp#27;[0m &amp#27;[90m# stepDefinitions.LoginSteps.i_send_login_request(java.lang.String,java.lang.String)&amp#27;[0m
✅ Verified login response: 401
  &amp#27;[32mThen &amp#27;[0m&amp#27;[32mI am checking login response should be &amp#27;[0m&amp#27;[32m&amp#27;[1m401&amp#27;[0m                    &amp#27;[90m# stepDefinitions.LoginSteps.i_am_checking_login_response_should_be(java.lang.Integer)&amp#27;[0m
✅ Token : null
  &amp#27;[32mThen &amp#27;[0m&amp#27;[32mI should receive a invalid token&amp#27;[0m                              &amp#27;[90m# stepDefinitions.LoginSteps.i_should_receive_a_invalid_token()&amp#27;[0m
]]></system-out>
  </testcase>
  <testcase name="Verify login API returns 200 and token" classname="Room API Testing" time="3.631">
    <system-out><![CDATA[
@HappyFlow
Scenario: Verify login API returns 200 and token                             &amp#27;[90m# src/test/resources/features/room.feature:5&amp#27;[0m
Status: 200
Token: 5p34GuN3PrMd9QF0
Token: 5p34GuN3PrMd9QF0
  &amp#27;[32mGiven &amp#27;[0m&amp#27;[32mI send a login request with username &amp#27;[0m&amp#27;[32m&amp#27;[1m"admin"&amp#27;[0m&amp#27;[32m and password &amp#27;[0m&amp#27;[32m&amp#27;[1m"password"&amp#27;[0m &amp#27;[90m# stepDefinitions.LoginSteps.i_send_login_request(java.lang.String,java.lang.String)&amp#27;[0m
✅ Verified login response: 200
  &amp#27;[32mThen &amp#27;[0m&amp#27;[32mI am checking login response should be &amp#27;[0m&amp#27;[32m&amp#27;[1m200&amp#27;[0m                            &amp#27;[90m# stepDefinitions.LoginSteps.i_am_checking_login_response_should_be(java.lang.Integer)&amp#27;[0m
✅ Token : 5p34GuN3PrMd9QF0
  &amp#27;[32mThen &amp#27;[0m&amp#27;[32mI should receive a valid token&amp#27;[0m                                        &amp#27;[90m# stepDefinitions.LoginSteps.i_should_receive_a_valid_token()&amp#27;[0m
Token expired, generating a new one...
✅ Generated Token: vi4sODB19ExIeObu
  &amp#27;[32mGiven &amp#27;[0m&amp#27;[32mI have a valid login token&amp#27;[0m                                           &amp#27;[90m# stepDefinitions.RoomSteps.i_have_a_valid_login_token()&amp#27;[0m
Token in RoomSteps: vi4sODB19ExIeObu
Room creation status: 200
Room creation body: {"success":true}
  &amp#27;[32mWhen &amp#27;[0m&amp#27;[32mI send a request to create a room&amp#27;[0m                                     &amp#27;[90m# stepDefinitions.RoomSteps.i_send_a_request_to_create_a_room()&amp#27;[0m
]]></system-out>
  </testcase>
</testsuite>